<?xml version="1.0" encoding="UTF-8"?>
<!-- Generated by org.testng.reporters.JUnitReportReporter -->
<testsuite hostname="LAPTOP-PJBKOG41" failures="0" tests="1" name="com.qa.testBase.TestBase1" time="4.892" errors="0" timestamp="2022-08-29T08:17:46 IST" skipped="0">
  <testcase classname="com.qa.testBase.TestBase1" name="setup" time="4.892"/>
  <system-out/>
</testsuite> <!-- com.qa.testBase.TestBase1 -->
