<?xml version="1.0" encoding="UTF-8"?>
<!-- Generated by org.testng.reporters.JUnitReportReporter -->
<testsuite hostname="Vaishali" failures="0" tests="2" name="com.qa.testLayer.LoginPageTest" time="39.557" errors="0" timestamp="2022-09-16T03:20:56 IST" skipped="0">
  <testcase classname="com.qa.testLayer.LoginPageTest" name="loginTest" time="21.389"/>
  <system-out/>
  <testcase classname="com.qa.testLayer.LoginPageTest" name="loginTest" time="18.168"/>
  <system-out/>
</testsuite> <!-- com.qa.testLayer.LoginPageTest -->
