<?xml version="1.0" encoding="UTF-8"?>
<!-- Generated by org.testng.reporters.JUnitReportReporter -->
<testsuite hostname="LAPTOP-PJBKOG41" failures="0" tests="1" name="com.qa.testBase.TestBase" time="8.210" errors="0" timestamp="2022-08-28T23:35:52 IST" skipped="0">
  <testcase classname="com.qa.testBase.TestBase" name="setup" time="8.210"/>
  <system-out/>
</testsuite> <!-- com.qa.testBase.TestBase -->
